0 verbose cli /usr/local/bin/node /usr/local/bin/npm
1 info using npm@10.9.3
2 info using node@v22.19.0
3 silly config load:file:/usr/local/lib/node_modules/npm/npmrc
4 silly config load:file:/Users/liaoyikai/food-delivery-dashboard/.npmrc
5 silly config load:file:/Users/liaoyikai/.npmrc
6 silly config load:file:/Users/liaoyikai/.npm-global/etc/npmrc
7 verbose title npm install @supabase/supabase-js
8 verbose argv "install" "@supabase/supabase-js"
9 verbose logfile logs-max:10 dir:/Users/liaoyikai/food-delivery-dashboard/npm-cache/_logs/2025-11-26T22_45_16_058Z-
10 verbose logfile /Users/liaoyikai/food-delivery-dashboard/npm-cache/_logs/2025-11-26T22_45_16_058Z-debug-0.log
11 silly logfile done cleaning log files
12 silly packumentCache heap:2197815296 maxSize:549453824 maxEntrySize:274726912
13 silly idealTree buildDeps
14 silly fetch manifest @supabase/supabase-js@*
15 silly packumentCache full:https://registry.npmjs.org/@supabase%2fsupabase-js cache-miss
16 verbose shrinkwrap failed to load node_modules/.package-lock.json out of date, updated: node_modules
17 http fetch GET 200 https://registry.npmjs.org/@supabase%2fsupabase-js 1198ms (cache miss)
18 silly packumentCache full:https://registry.npmjs.org/@supabase%2fsupabase-js set size:undefined disposed:false
19 silly placeDep ROOT @supabase/supabase-js@2.86.0 OK for: food-delivery-dashboard@0.0.0 want: *
20 silly fetch manifest @supabase/auth-js@2.86.0
21 silly packumentCache full:https://registry.npmjs.org/@supabase%2fauth-js cache-miss
22 silly fetch manifest @supabase/functions-js@2.86.0
23 silly packumentCache full:https://registry.npmjs.org/@supabase%2ffunctions-js cache-miss
24 silly fetch manifest @supabase/postgrest-js@2.86.0
25 silly packumentCache full:https://registry.npmjs.org/@supabase%2fpostgrest-js cache-miss
26 silly fetch manifest @supabase/realtime-js@2.86.0
27 silly packumentCache full:https://registry.npmjs.org/@supabase%2frealtime-js cache-miss
28 silly fetch manifest @supabase/storage-js@2.86.0
29 silly packumentCache full:https://registry.npmjs.org/@supabase%2fstorage-js cache-miss
30 http fetch GET 200 https://registry.npmjs.org/@supabase%2fauth-js 66ms (cache miss)
31 silly packumentCache full:https://registry.npmjs.org/@supabase%2fauth-js set size:undefined disposed:false
32 http fetch GET 200 https://registry.npmjs.org/@supabase%2fstorage-js 142ms (cache miss)
33 silly packumentCache full:https://registry.npmjs.org/@supabase%2fstorage-js set size:undefined disposed:false
34 http fetch GET 200 https://registry.npmjs.org/@supabase%2fpostgrest-js 165ms (cache miss)
35 silly packumentCache full:https://registry.npmjs.org/@supabase%2fpostgrest-js set size:undefined disposed:false
36 http fetch GET 200 https://registry.npmjs.org/@supabase%2frealtime-js 174ms (cache miss)
37 silly packumentCache full:https://registry.npmjs.org/@supabase%2frealtime-js set size:undefined disposed:false
38 http fetch GET 200 https://registry.npmjs.org/@supabase%2ffunctions-js 180ms (cache miss)
39 silly packumentCache full:https://registry.npmjs.org/@supabase%2ffunctions-js set size:undefined disposed:false
40 silly placeDep ROOT @supabase/auth-js@2.86.0 OK for: @supabase/supabase-js@2.86.0 want: 2.86.0
41 silly placeDep ROOT @supabase/functions-js@2.86.0 OK for: @supabase/supabase-js@2.86.0 want: 2.86.0
42 silly placeDep ROOT @supabase/postgrest-js@2.86.0 OK for: @supabase/supabase-js@2.86.0 want: 2.86.0
43 silly placeDep ROOT @supabase/realtime-js@2.86.0 OK for: @supabase/supabase-js@2.86.0 want: 2.86.0
44 silly placeDep ROOT @supabase/storage-js@2.86.0 OK for: @supabase/supabase-js@2.86.0 want: 2.86.0
45 silly fetch manifest tslib@2.8.1
46 silly packumentCache full:https://registry.npmjs.org/tslib cache-miss
47 silly fetch manifest tslib@2.8.1
48 silly packumentCache full:https://registry.npmjs.org/tslib cache-miss
49 silly fetch manifest tslib@2.8.1
50 silly packumentCache full:https://registry.npmjs.org/tslib cache-miss
51 silly fetch manifest @types/phoenix@^1.6.6
52 silly packumentCache full:https://registry.npmjs.org/@types%2fphoenix cache-miss
53 silly fetch manifest @types/ws@^8.18.1
54 silly packumentCache full:https://registry.npmjs.org/@types%2fws cache-miss
55 silly fetch manifest tslib@2.8.1
56 silly packumentCache full:https://registry.npmjs.org/tslib cache-miss
57 silly fetch manifest ws@^8.18.2
58 silly packumentCache full:https://registry.npmjs.org/ws cache-miss
59 http fetch GET 200 https://registry.npmjs.org/tslib 91ms (cache miss)
60 silly packumentCache full:https://registry.npmjs.org/tslib set size:undefined disposed:false
61 silly fetch manifest iceberg-js@^0.8.0
62 silly packumentCache full:https://registry.npmjs.org/iceberg-js cache-miss
63 http fetch GET 200 https://registry.npmjs.org/tslib 98ms (cache miss)
64 silly packumentCache full:https://registry.npmjs.org/tslib set size:undefined disposed:false
65 http fetch GET 200 https://registry.npmjs.org/tslib 98ms (cache miss)
66 silly packumentCache full:https://registry.npmjs.org/tslib set size:undefined disposed:false
67 http fetch GET 200 https://registry.npmjs.org/@types%2fphoenix 99ms (cache miss)
68 silly packumentCache full:https://registry.npmjs.org/@types%2fphoenix set size:undefined disposed:false
69 http fetch GET 200 https://registry.npmjs.org/@types%2fws 101ms (cache miss)
70 silly packumentCache full:https://registry.npmjs.org/@types%2fws set size:undefined disposed:false
71 http fetch GET 200 https://registry.npmjs.org/tslib 132ms (cache miss)
72 silly packumentCache full:https://registry.npmjs.org/tslib set size:undefined disposed:false
73 http fetch GET 200 https://registry.npmjs.org/iceberg-js 48ms (cache miss)
74 silly packumentCache full:https://registry.npmjs.org/iceberg-js set size:undefined disposed:false
75 http fetch GET 200 https://registry.npmjs.org/ws 155ms (cache miss)
76 silly packumentCache full:https://registry.npmjs.org/ws set size:undefined disposed:false
77 silly placeDep ROOT tslib@2.8.1 OK for: @supabase/auth-js@2.86.0 want: 2.8.1
78 silly fetch manifest bufferutil@^4.0.1
79 silly packumentCache full:https://registry.npmjs.org/bufferutil cache-miss
80 http fetch GET 200 https://registry.npmjs.org/bufferutil 38ms (cache miss)
81 silly packumentCache full:https://registry.npmjs.org/bufferutil set size:undefined disposed:false
82 silly fetch manifest utf-8-validate@>=5.0.2
83 silly packumentCache full:https://registry.npmjs.org/utf-8-validate cache-miss
84 http fetch GET 200 https://registry.npmjs.org/utf-8-validate 41ms (cache miss)
85 silly packumentCache full:https://registry.npmjs.org/utf-8-validate set size:undefined disposed:false
86 silly placeDep ROOT @types/phoenix@1.6.6 OK for: @supabase/realtime-js@2.86.0 want: ^1.6.6
87 silly placeDep ROOT @types/ws@8.18.1 OK for: @supabase/realtime-js@2.86.0 want: ^8.18.1
88 silly placeDep ROOT ws@8.18.3 OK for: @supabase/realtime-js@2.86.0 want: ^8.18.2
89 silly placeDep ROOT iceberg-js@0.8.0 OK for: @supabase/storage-js@2.86.0 want: ^0.8.0
90 silly reify moves {}
91 silly audit bulk request {
91 silly audit   '@babel/code-frame': [ '7.27.1' ],
91 silly audit   '@babel/compat-data': [ '7.28.5' ],
91 silly audit   '@babel/core': [ '7.28.5' ],
91 silly audit   '@babel/generator': [ '7.28.5' ],
91 silly audit   '@babel/helper-compilation-targets': [ '7.27.2' ],
91 silly audit   '@babel/helper-globals': [ '7.28.0' ],
91 silly audit   '@babel/helper-module-imports': [ '7.27.1' ],
91 silly audit   '@babel/helper-module-transforms': [ '7.28.3' ],
91 silly audit   '@babel/helper-plugin-utils': [ '7.27.1' ],
91 silly audit   '@babel/helper-string-parser': [ '7.27.1' ],
91 silly audit   '@babel/helper-validator-identifier': [ '7.28.5' ],
91 silly audit   '@babel/helper-validator-option': [ '7.27.1' ],
91 silly audit   '@babel/helpers': [ '7.28.4' ],
91 silly audit   '@babel/parser': [ '7.28.5' ],
91 silly audit   '@babel/plugin-transform-react-jsx-self': [ '7.27.1' ],
91 silly audit   '@babel/plugin-transform-react-jsx-source': [ '7.27.1' ],
91 silly audit   '@babel/template': [ '7.27.2' ],
91 silly audit   '@babel/traverse': [ '7.28.5' ],
91 silly audit   '@babel/types': [ '7.28.5' ],
91 silly audit   '@esbuild/aix-ppc64': [ '0.25.12' ],
91 silly audit   '@esbuild/android-arm': [ '0.25.12' ],
91 silly audit   '@esbuild/android-arm64': [ '0.25.12' ],
91 silly audit   '@esbuild/android-x64': [ '0.25.12' ],
91 silly audit   '@esbuild/darwin-arm64': [ '0.25.12' ],
91 silly audit   '@esbuild/darwin-x64': [ '0.25.12' ],
91 silly audit   '@esbuild/freebsd-arm64': [ '0.25.12' ],
91 silly audit   '@esbuild/freebsd-x64': [ '0.25.12' ],
91 silly audit   '@esbuild/linux-arm': [ '0.25.12' ],
91 silly audit   '@esbuild/linux-arm64': [ '0.25.12' ],
91 silly audit   '@esbuild/linux-ia32': [ '0.25.12' ],
91 silly audit   '@esbuild/linux-loong64': [ '0.25.12' ],
91 silly audit   '@esbuild/linux-mips64el': [ '0.25.12' ],
91 silly audit   '@esbuild/linux-ppc64': [ '0.25.12' ],
91 silly audit   '@esbuild/linux-riscv64': [ '0.25.12' ],
91 silly audit   '@esbuild/linux-s390x': [ '0.25.12' ],
91 silly audit   '@esbuild/linux-x64': [ '0.25.12' ],
91 silly audit   '@esbuild/netbsd-arm64': [ '0.25.12' ],
91 silly audit   '@esbuild/netbsd-x64': [ '0.25.12' ],
91 silly audit   '@esbuild/openbsd-arm64': [ '0.25.12' ],
91 silly audit   '@esbuild/openbsd-x64': [ '0.25.12' ],
91 silly audit   '@esbuild/openharmony-arm64': [ '0.25.12' ],
91 silly audit   '@esbuild/sunos-x64': [ '0.25.12' ],
91 silly audit   '@esbuild/win32-arm64': [ '0.25.12' ],
91 silly audit   '@esbuild/win32-ia32': [ '0.25.12' ],
91 silly audit   '@esbuild/win32-x64': [ '0.25.12' ],
91 silly audit   '@eslint-community/eslint-utils': [ '4.9.0' ],
91 silly audit   'eslint-visitor-keys': [ '3.4.3', '4.2.1' ],
91 silly audit   '@eslint-community/regexpp': [ '4.12.2' ],
91 silly audit   '@eslint/config-array': [ '0.21.1' ],
91 silly audit   '@eslint/config-helpers': [ '0.4.2' ],
91 silly audit   '@eslint/core': [ '0.17.0' ],
91 silly audit   '@eslint/eslintrc': [ '3.3.1' ],
91 silly audit   globals: [ '14.0.0', '16.5.0' ],
91 silly audit   '@eslint/js': [ '9.39.1' ],
91 silly audit   '@eslint/object-schema': [ '2.1.7' ],
91 silly audit   '@eslint/plugin-kit': [ '0.4.1' ],
91 silly audit   '@humanfs/core': [ '0.19.1' ],
91 silly audit   '@humanfs/node': [ '0.16.7' ],
91 silly audit   '@humanwhocodes/module-importer': [ '1.0.1' ],
91 silly audit   '@humanwhocodes/retry': [ '0.4.3' ],
91 silly audit   '@jridgewell/gen-mapping': [ '0.3.13' ],
91 silly audit   '@jridgewell/remapping': [ '2.3.5' ],
91 silly audit   '@jridgewell/resolve-uri': [ '3.1.2' ],
91 silly audit   '@jridgewell/sourcemap-codec': [ '1.5.5' ],
91 silly audit   '@jridgewell/trace-mapping': [ '0.3.31' ],
91 silly audit   '@rolldown/pluginutils': [ '1.0.0-beta.47' ],
91 silly audit   '@rollup/rollup-android-arm-eabi': [ '4.53.3' ],
91 silly audit   '@rollup/rollup-android-arm64': [ '4.53.3' ],
91 silly audit   '@rollup/rollup-darwin-arm64': [ '4.53.3' ],
91 silly audit   '@rollup/rollup-darwin-x64': [ '4.53.3' ],
91 silly audit   '@rollup/rollup-freebsd-arm64': [ '4.53.3' ],
91 silly audit   '@rollup/rollup-freebsd-x64': [ '4.53.3' ],
91 silly audit   '@rollup/rollup-linux-arm-gnueabihf': [ '4.53.3' ],
91 silly audit   '@rollup/rollup-linux-arm-musleabihf': [ '4.53.3' ],
91 silly audit   '@rollup/rollup-linux-arm64-gnu': [ '4.53.3' ],
91 silly audit   '@rollup/rollup-linux-arm64-musl': [ '4.53.3' ],
91 silly audit   '@rollup/rollup-linux-loong64-gnu': [ '4.53.3' ],
91 silly audit   '@rollup/rollup-linux-ppc64-gnu': [ '4.53.3' ],
91 silly audit   '@rollup/rollup-linux-riscv64-gnu': [ '4.53.3' ],
91 silly audit   '@rollup/rollup-linux-riscv64-musl': [ '4.53.3' ],
91 silly audit   '@rollup/rollup-linux-s390x-gnu': [ '4.53.3' ],
91 silly audit   '@rollup/rollup-linux-x64-gnu': [ '4.53.3' ],
91 silly audit   '@rollup/rollup-linux-x64-musl': [ '4.53.3' ],
91 silly audit   '@rollup/rollup-openharmony-arm64': [ '4.53.3' ],
91 silly audit   '@rollup/rollup-win32-arm64-msvc': [ '4.53.3' ],
91 silly audit   '@rollup/rollup-win32-ia32-msvc': [ '4.53.3' ],
91 silly audit   '@rollup/rollup-win32-x64-gnu': [ '4.53.3' ],
91 silly audit   '@rollup/rollup-win32-x64-msvc': [ '4.53.3' ],
91 silly audit   '@types/babel__core': [ '7.20.5' ],
91 silly audit   '@types/babel__generator': [ '7.27.0' ],
91 silly audit   '@types/babel__template': [ '7.4.4' ],
91 silly audit   '@types/babel__traverse': [ '7.28.0' ],
91 silly audit   '@types/estree': [ '1.0.8' ],
91 silly audit   '@types/json-schema': [ '7.0.15' ],
91 silly audit   '@types/node': [ '24.10.1' ],
91 silly audit   '@types/react': [ '19.2.7' ],
91 silly audit   '@types/react-dom': [ '19.2.3' ],
91 silly audit   '@typescript-eslint/eslint-plugin': [ '8.48.0' ],
91 silly audit   ignore: [ '7.0.5', '5.3.2' ],
91 silly audit   '@typescript-eslint/parser': [ '8.48.0' ],
91 silly audit   '@typescript-eslint/project-service': [ '8.48.0' ],
91 silly audit   '@typescript-eslint/scope-manager': [ '8.48.0' ],
91 silly audit   '@typescript-eslint/tsconfig-utils': [ '8.48.0' ],
91 silly audit   '@typescript-eslint/type-utils': [ '8.48.0' ],
91 silly audit   '@typescript-eslint/types': [ '8.48.0' ],
91 silly audit   '@typescript-eslint/typescript-estree': [ '8.48.0' ],
91 silly audit   'brace-expansion': [ '2.0.2', '1.1.12' ],
91 silly audit   minimatch: [ '9.0.5', '3.1.2' ],
91 silly audit   semver: [ '7.7.3', '6.3.1' ],
91 silly audit   '@typescript-eslint/utils': [ '8.48.0' ],
91 silly audit   '@typescript-eslint/visitor-keys': [ '8.48.0' ],
91 silly audit   '@vitejs/plugin-react': [ '5.1.1' ],
91 silly audit   acorn: [ '8.15.0' ],
91 silly audit   'acorn-jsx': [ '5.3.2' ],
91 silly audit   ajv: [ '6.12.6' ],
91 silly audit   'ansi-styles': [ '4.3.0' ],
91 silly audit   argparse: [ '2.0.1' ],
91 silly audit   'balanced-match': [ '1.0.2' ],
91 silly audit   'baseline-browser-mapping': [ '2.8.31' ],
91 silly audit   browserslist: [ '4.28.0' ],
91 silly audit   callsites: [ '3.1.0' ],
91 silly audit   'caniuse-lite': [ '1.0.30001757' ],
91 silly audit   chalk: [ '4.1.2' ],
91 silly audit   'color-convert': [ '2.0.1' ],
91 silly audit   'color-name': [ '1.1.4' ],
91 silly audit   'concat-map': [ '0.0.1' ],
91 silly audit   'convert-source-map': [ '2.0.0' ],
91 silly audit   'cross-spawn': [ '7.0.6' ],
91 silly audit   csstype: [ '3.2.3' ],
91 silly audit   debug: [ '4.4.3' ],
91 silly audit   'deep-is': [ '0.1.4' ],
91 silly audit   'electron-to-chromium': [ '1.5.261' ],
91 silly audit   esbuild: [ '0.25.12' ],
91 silly audit   escalade: [ '3.2.0' ],
91 silly audit   'escape-string-regexp': [ '4.0.0' ],
91 silly audit   eslint: [ '9.39.1' ],
91 silly audit   'eslint-plugin-react-hooks': [ '7.0.1' ],
91 silly audit   'eslint-plugin-react-refresh': [ '0.4.24' ],
91 silly audit   'eslint-scope': [ '8.4.0' ],
91 silly audit   espree: [ '10.4.0' ],
91 silly audit   esquery: [ '1.6.0' ],
91 silly audit   esrecurse: [ '4.3.0' ],
91 silly audit   estraverse: [ '5.3.0' ],
91 silly audit   esutils: [ '2.0.3' ],
91 silly audit   'fast-deep-equal': [ '3.1.3' ],
91 silly audit   'fast-json-stable-stringify': [ '2.1.0' ],
91 silly audit   'fast-levenshtein': [ '2.0.6' ],
91 silly audit   fdir: [ '6.5.0' ],
91 silly audit   'file-entry-cache': [ '8.0.0' ],
91 silly audit   'find-up': [ '5.0.0' ],
91 silly audit   'flat-cache': [ '4.0.1' ],
91 silly audit   flatted: [ '3.3.3' ],
91 silly audit   fsevents: [ '2.3.3' ],
91 silly audit   gensync: [ '1.0.0-beta.2' ],
91 silly audit   'glob-parent': [ '6.0.2' ],
91 silly audit   graphemer: [ '1.4.0' ],
91 silly audit   'has-flag': [ '4.0.0' ],
91 silly audit   'hermes-estree': [ '0.25.1' ],
91 silly audit   'hermes-parser': [ '0.25.1' ],
91 silly audit   'import-fresh': [ '3.3.1' ],
91 silly audit   imurmurhash: [ '0.1.4' ],
91 silly audit   'is-extglob': [ '2.1.1' ],
91 silly audit   'is-glob': [ '4.0.3' ],
91 silly audit   isexe: [ '2.0.0' ],
91 silly audit   'js-tokens': [ '4.0.0' ],
91 silly audit   'js-yaml': [ '4.1.1' ],
91 silly audit   jsesc: [ '3.1.0' ],
91 silly audit   'json-buffer': [ '3.0.1' ],
91 silly audit   'json-schema-traverse': [ '0.4.1' ],
91 silly audit   'json-stable-stringify-without-jsonify': [ '1.0.1' ],
91 silly audit   json5: [ '2.2.3' ],
91 silly audit   keyv: [ '4.5.4' ],
91 silly audit   levn: [ '0.4.1' ],
91 silly audit   'locate-path': [ '6.0.0' ],
91 silly audit   'lodash.merge': [ '4.6.2' ],
91 silly audit   'lru-cache': [ '5.1.1' ],
91 silly audit   ms: [ '2.1.3' ],
91 silly audit   nanoid: [ '3.3.11' ],
91 silly audit   'natural-compare': [ '1.4.0' ],
91 silly audit   'node-releases': [ '2.0.27' ],
91 silly audit   optionator: [ '0.9.4' ],
91 silly audit   'p-limit': [ '3.1.0' ],
91 silly audit   'p-locate': [ '5.0.0' ],
91 silly audit   'parent-module': [ '1.0.1' ],
91 silly audit   'path-exists': [ '4.0.0' ],
91 silly audit   'path-key': [ '3.1.1' ],
91 silly audit   picocolors: [ '1.1.1' ],
91 silly audit   picomatch: [ '4.0.3' ],
91 silly audit   postcss: [ '8.5.6' ],
91 silly audit   'prelude-ls': [ '1.2.1' ],
91 silly audit   punycode: [ '2.3.1' ],
91 silly audit   react: [ '19.2.0' ],
91 silly audit   'react-dom': [ '19.2.0' ],
91 silly audit   'react-refresh': [ '0.18.0' ],
91 silly audit   'resolve-from': [ '4.0.0' ],
91 silly audit   rollup: [ '4.53.3' ],
91 silly audit   scheduler: [ '0.27.0' ],
91 silly audit   'shebang-command': [ '2.0.0' ],
91 silly audit   'shebang-regex': [ '3.0.0' ],
91 silly audit   'source-map-js': [ '1.2.1' ],
91 silly audit   'strip-json-comments': [ '3.1.1' ],
91 silly audit   'supports-color': [ '7.2.0' ],
91 silly audit   tinyglobby: [ '0.2.15' ],
91 silly audit   'ts-api-utils': [ '2.1.0' ],
91 silly audit   'type-check': [ '0.4.0' ],
91 silly audit   typescript: [ '5.9.3' ],
91 silly audit   'typescript-eslint': [ '8.48.0' ],
91 silly audit   'undici-types': [ '7.16.0' ],
91 silly audit   'update-browserslist-db': [ '1.1.4' ],
91 silly audit   'uri-js': [ '4.4.1' ],
91 silly audit   vite: [ '7.2.4' ],
91 silly audit   which: [ '2.0.2' ],
91 silly audit   'word-wrap': [ '1.2.5' ],
91 silly audit   yallist: [ '3.1.1' ],
91 silly audit   'yocto-queue': [ '0.1.0' ],
91 silly audit   zod: [ '4.1.13' ],
91 silly audit   'zod-validation-error': [ '4.0.2' ],
91 silly audit   '@supabase/supabase-js': [ '2.86.0' ],
91 silly audit   '@supabase/auth-js': [ '2.86.0' ],
91 silly audit   '@supabase/functions-js': [ '2.86.0' ],
91 silly audit   '@supabase/postgrest-js': [ '2.86.0' ],
91 silly audit   '@supabase/realtime-js': [ '2.86.0' ],
91 silly audit   '@supabase/storage-js': [ '2.86.0' ],
91 silly audit   tslib: [ '2.8.1' ],
91 silly audit   '@types/phoenix': [ '1.6.6' ],
91 silly audit   '@types/ws': [ '8.18.1' ],
91 silly audit   ws: [ '8.18.3' ],
91 silly audit   'iceberg-js': [ '0.8.0' ]
91 silly audit }
92 verbose reify failed optional dependency /Users/liaoyikai/food-delivery-dashboard/node_modules/@rollup/rollup-win32-x64-msvc
93 silly reify mark deleted [
93 silly reify   '/Users/liaoyikai/food-delivery-dashboard/node_modules/@rollup/rollup-win32-x64-msvc'
93 silly reify ]
94 verbose reify failed optional dependency /Users/liaoyikai/food-delivery-dashboard/node_modules/@rollup/rollup-win32-x64-gnu
95 silly reify mark deleted [
95 silly reify   '/Users/liaoyikai/food-delivery-dashboard/node_modules/@rollup/rollup-win32-x64-gnu'
95 silly reify ]
96 verbose reify failed optional dependency /Users/liaoyikai/food-delivery-dashboard/node_modules/@rollup/rollup-win32-ia32-msvc
97 silly reify mark deleted [
97 silly reify   '/Users/liaoyikai/food-delivery-dashboard/node_modules/@rollup/rollup-win32-ia32-msvc'
97 silly reify ]
98 verbose reify failed optional dependency /Users/liaoyikai/food-delivery-dashboard/node_modules/@rollup/rollup-win32-arm64-msvc
99 silly reify mark deleted [
99 silly reify   '/Users/liaoyikai/food-delivery-dashboard/node_modules/@rollup/rollup-win32-arm64-msvc'
99 silly reify ]
100 verbose reify failed optional dependency /Users/liaoyikai/food-delivery-dashboard/node_modules/@rollup/rollup-openharmony-arm64
101 silly reify mark deleted [
101 silly reify   '/Users/liaoyikai/food-delivery-dashboard/node_modules/@rollup/rollup-openharmony-arm64'
101 silly reify ]
102 verbose reify failed optional dependency /Users/liaoyikai/food-delivery-dashboard/node_modules/@rollup/rollup-linux-x64-musl
103 silly reify mark deleted [
103 silly reify   '/Users/liaoyikai/food-delivery-dashboard/node_modules/@rollup/rollup-linux-x64-musl'
103 silly reify ]
104 verbose reify failed optional dependency /Users/liaoyikai/food-delivery-dashboard/node_modules/@rollup/rollup-linux-x64-gnu
105 silly reify mark deleted [
105 silly reify   '/Users/liaoyikai/food-delivery-dashboard/node_modules/@rollup/rollup-linux-x64-gnu'
105 silly reify ]
106 verbose reify failed optional dependency /Users/liaoyikai/food-delivery-dashboard/node_modules/@rollup/rollup-linux-s390x-gnu
107 silly reify mark deleted [
107 silly reify   '/Users/liaoyikai/food-delivery-dashboard/node_modules/@rollup/rollup-linux-s390x-gnu'
107 silly reify ]
108 verbose reify failed optional dependency /Users/liaoyikai/food-delivery-dashboard/node_modules/@rollup/rollup-linux-riscv64-musl
109 silly reify mark deleted [
109 silly reify   '/Users/liaoyikai/food-delivery-dashboard/node_modules/@rollup/rollup-linux-riscv64-musl'
109 silly reify ]
110 verbose reify failed optional dependency /Users/liaoyikai/food-delivery-dashboard/node_modules/@rollup/rollup-linux-riscv64-gnu
111 silly reify mark deleted [
111 silly reify   '/Users/liaoyikai/food-delivery-dashboard/node_modules/@rollup/rollup-linux-riscv64-gnu'
111 silly reify ]
112 verbose reify failed optional dependency /Users/liaoyikai/food-delivery-dashboard/node_modules/@rollup/rollup-linux-ppc64-gnu
113 silly reify mark deleted [
113 silly reify   '/Users/liaoyikai/food-delivery-dashboard/node_modules/@rollup/rollup-linux-ppc64-gnu'
113 silly reify ]
114 verbose reify failed optional dependency /Users/liaoyikai/food-delivery-dashboard/node_modules/@rollup/rollup-linux-loong64-gnu
115 silly reify mark deleted [
115 silly reify   '/Users/liaoyikai/food-delivery-dashboard/node_modules/@rollup/rollup-linux-loong64-gnu'
115 silly reify ]
116 verbose reify failed optional dependency /Users/liaoyikai/food-delivery-dashboard/node_modules/@rollup/rollup-linux-arm64-musl
117 silly reify mark deleted [
117 silly reify   '/Users/liaoyikai/food-delivery-dashboard/node_modules/@rollup/rollup-linux-arm64-musl'
117 silly reify ]
118 verbose reify failed optional dependency /Users/liaoyikai/food-delivery-dashboard/node_modules/@rollup/rollup-linux-arm64-gnu
119 silly reify mark deleted [
119 silly reify   '/Users/liaoyikai/food-delivery-dashboard/node_modules/@rollup/rollup-linux-arm64-gnu'
119 silly reify ]
120 verbose reify failed optional dependency /Users/liaoyikai/food-delivery-dashboard/node_modules/@rollup/rollup-linux-arm-musleabihf
121 silly reify mark deleted [
121 silly reify   '/Users/liaoyikai/food-delivery-dashboard/node_modules/@rollup/rollup-linux-arm-musleabihf'
121 silly reify ]
122 verbose reify failed optional dependency /Users/liaoyikai/food-delivery-dashboard/node_modules/@rollup/rollup-linux-arm-gnueabihf
123 silly reify mark deleted [
123 silly reify   '/Users/liaoyikai/food-delivery-dashboard/node_modules/@rollup/rollup-linux-arm-gnueabihf'
123 silly reify ]
124 verbose reify failed optional dependency /Users/liaoyikai/food-delivery-dashboard/node_modules/@rollup/rollup-freebsd-x64
125 silly reify mark deleted [
125 silly reify   '/Users/liaoyikai/food-delivery-dashboard/node_modules/@rollup/rollup-freebsd-x64'
125 silly reify ]
126 verbose reify failed optional dependency /Users/liaoyikai/food-delivery-dashboard/node_modules/@rollup/rollup-freebsd-arm64
127 silly reify mark deleted [
127 silly reify   '/Users/liaoyikai/food-delivery-dashboard/node_modules/@rollup/rollup-freebsd-arm64'
127 silly reify ]
128 verbose reify failed optional dependency /Users/liaoyikai/food-delivery-dashboard/node_modules/@rollup/rollup-darwin-x64
129 silly reify mark deleted [
129 silly reify   '/Users/liaoyikai/food-delivery-dashboard/node_modules/@rollup/rollup-darwin-x64'
129 silly reify ]
130 verbose reify failed optional dependency /Users/liaoyikai/food-delivery-dashboard/node_modules/@rollup/rollup-android-arm64
131 silly reify mark deleted [
131 silly reify   '/Users/liaoyikai/food-delivery-dashboard/node_modules/@rollup/rollup-android-arm64'
131 silly reify ]
132 verbose reify failed optional dependency /Users/liaoyikai/food-delivery-dashboard/node_modules/@rollup/rollup-android-arm-eabi
133 silly reify mark deleted [
133 silly reify   '/Users/liaoyikai/food-delivery-dashboard/node_modules/@rollup/rollup-android-arm-eabi'
133 silly reify ]
134 verbose reify failed optional dependency /Users/liaoyikai/food-delivery-dashboard/node_modules/@esbuild/win32-x64
135 silly reify mark deleted [
135 silly reify   '/Users/liaoyikai/food-delivery-dashboard/node_modules/@esbuild/win32-x64'
135 silly reify ]
136 verbose reify failed optional dependency /Users/liaoyikai/food-delivery-dashboard/node_modules/@esbuild/win32-ia32
137 silly reify mark deleted [
137 silly reify   '/Users/liaoyikai/food-delivery-dashboard/node_modules/@esbuild/win32-ia32'
137 silly reify ]
138 verbose reify failed optional dependency /Users/liaoyikai/food-delivery-dashboard/node_modules/@esbuild/win32-arm64
139 silly reify mark deleted [
139 silly reify   '/Users/liaoyikai/food-delivery-dashboard/node_modules/@esbuild/win32-arm64'
139 silly reify ]
140 verbose reify failed optional dependency /Users/liaoyikai/food-delivery-dashboard/node_modules/@esbuild/sunos-x64
141 silly reify mark deleted [
141 silly reify   '/Users/liaoyikai/food-delivery-dashboard/node_modules/@esbuild/sunos-x64'
141 silly reify ]
142 verbose reify failed optional dependency /Users/liaoyikai/food-delivery-dashboard/node_modules/@esbuild/openharmony-arm64
143 silly reify mark deleted [
143 silly reify   '/Users/liaoyikai/food-delivery-dashboard/node_modules/@esbuild/openharmony-arm64'
143 silly reify ]
144 verbose reify failed optional dependency /Users/liaoyikai/food-delivery-dashboard/node_modules/@esbuild/openbsd-x64
145 silly reify mark deleted [
145 silly reify   '/Users/liaoyikai/food-delivery-dashboard/node_modules/@esbuild/openbsd-x64'
145 silly reify ]
146 verbose reify failed optional dependency /Users/liaoyikai/food-delivery-dashboard/node_modules/@esbuild/openbsd-arm64
147 silly reify mark deleted [
147 silly reify   '/Users/liaoyikai/food-delivery-dashboard/node_modules/@esbuild/openbsd-arm64'
147 silly reify ]
148 verbose reify failed optional dependency /Users/liaoyikai/food-delivery-dashboard/node_modules/@esbuild/netbsd-x64
149 silly reify mark deleted [
149 silly reify   '/Users/liaoyikai/food-delivery-dashboard/node_modules/@esbuild/netbsd-x64'
149 silly reify ]
150 verbose reify failed optional dependency /Users/liaoyikai/food-delivery-dashboard/node_modules/@esbuild/netbsd-arm64
151 silly reify mark deleted [
151 silly reify   '/Users/liaoyikai/food-delivery-dashboard/node_modules/@esbuild/netbsd-arm64'
151 silly reify ]
152 verbose reify failed optional dependency /Users/liaoyikai/food-delivery-dashboard/node_modules/@esbuild/linux-x64
153 silly reify mark deleted [
153 silly reify   '/Users/liaoyikai/food-delivery-dashboard/node_modules/@esbuild/linux-x64'
153 silly reify ]
154 verbose reify failed optional dependency /Users/liaoyikai/food-delivery-dashboard/node_modules/@esbuild/linux-s390x
155 silly reify mark deleted [
155 silly reify   '/Users/liaoyikai/food-delivery-dashboard/node_modules/@esbuild/linux-s390x'
155 silly reify ]
156 verbose reify failed optional dependency /Users/liaoyikai/food-delivery-dashboard/node_modules/@esbuild/linux-riscv64
157 silly reify mark deleted [
157 silly reify   '/Users/liaoyikai/food-delivery-dashboard/node_modules/@esbuild/linux-riscv64'
157 silly reify ]
158 verbose reify failed optional dependency /Users/liaoyikai/food-delivery-dashboard/node_modules/@esbuild/linux-ppc64
159 silly reify mark deleted [
159 silly reify   '/Users/liaoyikai/food-delivery-dashboard/node_modules/@esbuild/linux-ppc64'
159 silly reify ]
160 verbose reify failed optional dependency /Users/liaoyikai/food-delivery-dashboard/node_modules/@esbuild/linux-mips64el
161 silly reify mark deleted [
161 silly reify   '/Users/liaoyikai/food-delivery-dashboard/node_modules/@esbuild/linux-mips64el'
161 silly reify ]
162 verbose reify failed optional dependency /Users/liaoyikai/food-delivery-dashboard/node_modules/@esbuild/linux-loong64
163 silly reify mark deleted [
163 silly reify   '/Users/liaoyikai/food-delivery-dashboard/node_modules/@esbuild/linux-loong64'
163 silly reify ]
164 verbose reify failed optional dependency /Users/liaoyikai/food-delivery-dashboard/node_modules/@esbuild/linux-ia32
165 silly reify mark deleted [
165 silly reify   '/Users/liaoyikai/food-delivery-dashboard/node_modules/@esbuild/linux-ia32'
165 silly reify ]
166 verbose reify failed optional dependency /Users/liaoyikai/food-delivery-dashboard/node_modules/@esbuild/linux-arm64
167 silly reify mark deleted [
167 silly reify   '/Users/liaoyikai/food-delivery-dashboard/node_modules/@esbuild/linux-arm64'
167 silly reify ]
168 verbose reify failed optional dependency /Users/liaoyikai/food-delivery-dashboard/node_modules/@esbuild/linux-arm
169 silly reify mark deleted [
169 silly reify   '/Users/liaoyikai/food-delivery-dashboard/node_modules/@esbuild/linux-arm'
169 silly reify ]
170 verbose reify failed optional dependency /Users/liaoyikai/food-delivery-dashboard/node_modules/@esbuild/freebsd-x64
171 silly reify mark deleted [
171 silly reify   '/Users/liaoyikai/food-delivery-dashboard/node_modules/@esbuild/freebsd-x64'
171 silly reify ]
172 verbose reify failed optional dependency /Users/liaoyikai/food-delivery-dashboard/node_modules/@esbuild/freebsd-arm64
173 silly reify mark deleted [
173 silly reify   '/Users/liaoyikai/food-delivery-dashboard/node_modules/@esbuild/freebsd-arm64'
173 silly reify ]
174 verbose reify failed optional dependency /Users/liaoyikai/food-delivery-dashboard/node_modules/@esbuild/darwin-x64
175 silly reify mark deleted [
175 silly reify   '/Users/liaoyikai/food-delivery-dashboard/node_modules/@esbuild/darwin-x64'
175 silly reify ]
176 verbose reify failed optional dependency /Users/liaoyikai/food-delivery-dashboard/node_modules/@esbuild/android-x64
177 silly reify mark deleted [
177 silly reify   '/Users/liaoyikai/food-delivery-dashboard/node_modules/@esbuild/android-x64'
177 silly reify ]
178 verbose reify failed optional dependency /Users/liaoyikai/food-delivery-dashboard/node_modules/@esbuild/android-arm64
179 silly reify mark deleted [
179 silly reify   '/Users/liaoyikai/food-delivery-dashboard/node_modules/@esbuild/android-arm64'
179 silly reify ]
180 verbose reify failed optional dependency /Users/liaoyikai/food-delivery-dashboard/node_modules/@esbuild/android-arm
181 silly reify mark deleted [
181 silly reify   '/Users/liaoyikai/food-delivery-dashboard/node_modules/@esbuild/android-arm'
181 silly reify ]
182 verbose reify failed optional dependency /Users/liaoyikai/food-delivery-dashboard/node_modules/@esbuild/aix-ppc64
183 silly reify mark deleted [
183 silly reify   '/Users/liaoyikai/food-delivery-dashboard/node_modules/@esbuild/aix-ppc64'
183 silly reify ]
184 http cache iceberg-js@https://registry.npmjs.org/iceberg-js/-/iceberg-js-0.8.0.tgz 0ms (cache hit)
185 http cache @types/ws@https://registry.npmjs.org/@types/ws/-/ws-8.18.1.tgz 0ms (cache hit)
186 http cache @types/phoenix@https://registry.npmjs.org/@types/phoenix/-/phoenix-1.6.6.tgz 0ms (cache hit)
187 http cache tslib@https://registry.npmjs.org/tslib/-/tslib-2.8.1.tgz 0ms (cache hit)
188 http cache ws@https://registry.npmjs.org/ws/-/ws-8.18.3.tgz 0ms (cache hit)
189 http cache @supabase/storage-js@https://registry.npmjs.org/@supabase/storage-js/-/storage-js-2.86.0.tgz 0ms (cache hit)
190 http cache @supabase/realtime-js@https://registry.npmjs.org/@supabase/realtime-js/-/realtime-js-2.86.0.tgz 0ms (cache hit)
191 http cache @supabase/postgrest-js@https://registry.npmjs.org/@supabase/postgrest-js/-/postgrest-js-2.86.0.tgz 0ms (cache hit)
192 http cache @supabase/functions-js@https://registry.npmjs.org/@supabase/functions-js/-/functions-js-2.86.0.tgz 0ms (cache hit)
193 http cache @supabase/auth-js@https://registry.npmjs.org/@supabase/auth-js/-/auth-js-2.86.0.tgz 0ms (cache hit)
194 http cache @supabase/supabase-js@https://registry.npmjs.org/@supabase/supabase-js/-/supabase-js-2.86.0.tgz 0ms (cache hit)
195 http cache fsevents@https://registry.npmjs.org/fsevents/-/fsevents-2.3.3.tgz 0ms (cache hit)
196 silly tarball no local data for iceberg-js@https://registry.npmjs.org/iceberg-js/-/iceberg-js-0.8.0.tgz. Extracting by manifest.
197 silly tarball no local data for @types/ws@https://registry.npmjs.org/@types/ws/-/ws-8.18.1.tgz. Extracting by manifest.
198 silly tarball no local data for @types/phoenix@https://registry.npmjs.org/@types/phoenix/-/phoenix-1.6.6.tgz. Extracting by manifest.
199 silly tarball no local data for tslib@https://registry.npmjs.org/tslib/-/tslib-2.8.1.tgz. Extracting by manifest.
200 silly tarball no local data for ws@https://registry.npmjs.org/ws/-/ws-8.18.3.tgz. Extracting by manifest.
201 silly tarball no local data for @supabase/storage-js@https://registry.npmjs.org/@supabase/storage-js/-/storage-js-2.86.0.tgz. Extracting by manifest.
202 silly tarball no local data for @supabase/realtime-js@https://registry.npmjs.org/@supabase/realtime-js/-/realtime-js-2.86.0.tgz. Extracting by manifest.
203 silly tarball no local data for @supabase/postgrest-js@https://registry.npmjs.org/@supabase/postgrest-js/-/postgrest-js-2.86.0.tgz. Extracting by manifest.
204 silly tarball no local data for @supabase/functions-js@https://registry.npmjs.org/@supabase/functions-js/-/functions-js-2.86.0.tgz. Extracting by manifest.
205 silly tarball no local data for @supabase/auth-js@https://registry.npmjs.org/@supabase/auth-js/-/auth-js-2.86.0.tgz. Extracting by manifest.
206 silly tarball no local data for @supabase/supabase-js@https://registry.npmjs.org/@supabase/supabase-js/-/supabase-js-2.86.0.tgz. Extracting by manifest.
207 silly tarball no local data for fsevents@https://registry.npmjs.org/fsevents/-/fsevents-2.3.3.tgz. Extracting by manifest.
208 http fetch POST 200 https://registry.npmjs.org/-/npm/v1/security/advisories/bulk 110ms
209 silly audit report {}
210 http fetch GET 200 https://registry.npmjs.org/@types/ws/-/ws-8.18.1.tgz 158ms (cache miss)
211 http fetch GET 200 https://registry.npmjs.org/@types/phoenix/-/phoenix-1.6.6.tgz 212ms (cache miss)
212 http fetch GET 200 https://registry.npmjs.org/tslib/-/tslib-2.8.1.tgz 227ms (cache miss)
213 http fetch GET 200 https://registry.npmjs.org/iceberg-js/-/iceberg-js-0.8.0.tgz 257ms (cache miss)
214 http fetch GET 200 https://registry.npmjs.org/ws/-/ws-8.18.3.tgz 273ms (cache miss)
215 http fetch GET 200 https://registry.npmjs.org/fsevents/-/fsevents-2.3.3.tgz 364ms (cache miss)
216 http fetch GET 200 https://registry.npmjs.org/@supabase/functions-js/-/functions-js-2.86.0.tgz 454ms (cache miss)
217 http fetch GET 200 https://registry.npmjs.org/@supabase/supabase-js/-/supabase-js-2.86.0.tgz 545ms (cache miss)
218 http fetch GET 200 https://registry.npmjs.org/@supabase/postgrest-js/-/postgrest-js-2.86.0.tgz 554ms (cache miss)
219 http fetch GET 200 https://registry.npmjs.org/@supabase/realtime-js/-/realtime-js-2.86.0.tgz 557ms (cache miss)
220 http fetch GET 200 https://registry.npmjs.org/@supabase/storage-js/-/storage-js-2.86.0.tgz 593ms (cache miss)
221 http fetch GET 200 https://registry.npmjs.org/@supabase/auth-js/-/auth-js-2.86.0.tgz 607ms (cache miss)
222 silly ADD node_modules/iceberg-js
223 silly ADD node_modules/ws
224 silly ADD node_modules/@types/ws
225 silly ADD node_modules/@types/phoenix
226 silly ADD node_modules/tslib
227 silly ADD node_modules/@supabase/storage-js
228 silly ADD node_modules/@supabase/realtime-js
229 silly ADD node_modules/@supabase/postgrest-js
230 silly ADD node_modules/@supabase/functions-js
231 silly ADD node_modules/@supabase/auth-js
232 silly ADD node_modules/@supabase/supabase-js
233 silly ADD node_modules/fsevents
234 silly ADD
235 silly ADD
236 silly ADD
237 silly ADD
238 silly ADD
239 silly ADD
240 silly ADD
241 silly ADD
242 silly ADD
243 silly ADD
244 silly ADD
245 silly ADD
246 silly ADD
247 silly ADD
248 silly ADD
249 silly ADD
250 silly ADD
251 silly ADD
252 silly ADD
253 silly ADD
254 silly ADD
255 silly ADD
256 silly ADD
257 silly ADD
258 silly ADD
259 silly ADD
260 silly ADD
261 silly ADD
262 silly ADD
263 silly ADD
264 silly ADD
265 silly ADD
266 silly ADD
267 silly ADD
268 silly ADD
269 silly ADD
270 silly ADD
271 silly ADD
272 silly ADD
273 silly ADD
274 silly ADD
275 silly ADD
276 silly ADD
277 silly ADD
278 silly ADD
279 silly ADD
280 verbose cwd /Users/liaoyikai/food-delivery-dashboard
281 verbose os Darwin 24.6.0
282 verbose node v22.19.0
283 verbose npm  v10.9.3
284 verbose exit 0
285 info ok
