0 verbose cli /usr/local/bin/node /usr/local/bin/npm
1 info using npm@10.9.3
2 info using node@v22.19.0
3 silly config load:file:/usr/local/lib/node_modules/npm/npmrc
4 silly config load:file:/Users/liaoyikai/food-delivery-dashboard/.npmrc
5 silly config load:file:/Users/liaoyikai/.npmrc
6 silly config load:file:/Users/liaoyikai/.npm-global/etc/npmrc
7 verbose title npm install chart.js react-chartjs-2
8 verbose argv "install" "chart.js" "react-chartjs-2"
9 verbose logfile logs-max:10 dir:/Users/liaoyikai/food-delivery-dashboard/npm-cache/_logs/2025-11-26T23_00_10_012Z-
10 verbose logfile /Users/liaoyikai/food-delivery-dashboard/npm-cache/_logs/2025-11-26T23_00_10_012Z-debug-0.log
11 silly logfile done cleaning log files
12 silly packumentCache heap:2197815296 maxSize:549453824 maxEntrySize:274726912
13 silly idealTree buildDeps
14 silly fetch manifest chart.js@*
15 silly packumentCache full:https://registry.npmjs.org/chart.js cache-miss
16 http fetch GET 200 https://registry.npmjs.org/chart.js 345ms (cache miss)
17 silly packumentCache full:https://registry.npmjs.org/chart.js set size:undefined disposed:false
18 silly fetch manifest react-chartjs-2@*
19 silly packumentCache full:https://registry.npmjs.org/react-chartjs-2 cache-miss
20 http fetch GET 200 https://registry.npmjs.org/react-chartjs-2 397ms (cache miss)
21 silly packumentCache full:https://registry.npmjs.org/react-chartjs-2 set size:undefined disposed:false
22 silly fetch manifest react@^19.2.0
23 silly packumentCache full:https://registry.npmjs.org/react cache-miss
24 http fetch GET 200 https://registry.npmjs.org/react 929ms (cache miss)
25 silly packumentCache full:https://registry.npmjs.org/react set size:undefined disposed:false
26 silly placeDep ROOT chart.js@4.5.1 OK for: food-delivery-dashboard@0.0.0 want: *
27 silly placeDep ROOT react-chartjs-2@5.3.1 OK for: food-delivery-dashboard@0.0.0 want: *
28 silly fetch manifest @kurkle/color@^0.3.0
29 silly packumentCache full:https://registry.npmjs.org/@kurkle%2fcolor cache-miss
30 http fetch GET 200 https://registry.npmjs.org/@kurkle%2fcolor 444ms (cache miss)
31 silly packumentCache full:https://registry.npmjs.org/@kurkle%2fcolor set size:undefined disposed:false
32 silly placeDep ROOT @kurkle/color@0.3.4 OK for: chart.js@4.5.1 want: ^0.3.0
33 silly reify moves {}
34 silly audit bulk request {
34 silly audit   '@babel/code-frame': [ '7.27.1' ],
34 silly audit   '@babel/compat-data': [ '7.28.5' ],
34 silly audit   '@babel/core': [ '7.28.5' ],
34 silly audit   '@babel/generator': [ '7.28.5' ],
34 silly audit   '@babel/helper-compilation-targets': [ '7.27.2' ],
34 silly audit   '@babel/helper-globals': [ '7.28.0' ],
34 silly audit   '@babel/helper-module-imports': [ '7.27.1' ],
34 silly audit   '@babel/helper-module-transforms': [ '7.28.3' ],
34 silly audit   '@babel/helper-plugin-utils': [ '7.27.1' ],
34 silly audit   '@babel/helper-string-parser': [ '7.27.1' ],
34 silly audit   '@babel/helper-validator-identifier': [ '7.28.5' ],
34 silly audit   '@babel/helper-validator-option': [ '7.27.1' ],
34 silly audit   '@babel/helpers': [ '7.28.4' ],
34 silly audit   '@babel/parser': [ '7.28.5' ],
34 silly audit   '@babel/plugin-transform-react-jsx-self': [ '7.27.1' ],
34 silly audit   '@babel/plugin-transform-react-jsx-source': [ '7.27.1' ],
34 silly audit   '@babel/template': [ '7.27.2' ],
34 silly audit   '@babel/traverse': [ '7.28.5' ],
34 silly audit   '@babel/types': [ '7.28.5' ],
34 silly audit   '@esbuild/aix-ppc64': [ '0.25.12' ],
34 silly audit   '@esbuild/android-arm': [ '0.25.12' ],
34 silly audit   '@esbuild/android-arm64': [ '0.25.12' ],
34 silly audit   '@esbuild/android-x64': [ '0.25.12' ],
34 silly audit   '@esbuild/darwin-arm64': [ '0.25.12' ],
34 silly audit   '@esbuild/darwin-x64': [ '0.25.12' ],
34 silly audit   '@esbuild/freebsd-arm64': [ '0.25.12' ],
34 silly audit   '@esbuild/freebsd-x64': [ '0.25.12' ],
34 silly audit   '@esbuild/linux-arm': [ '0.25.12' ],
34 silly audit   '@esbuild/linux-arm64': [ '0.25.12' ],
34 silly audit   '@esbuild/linux-ia32': [ '0.25.12' ],
34 silly audit   '@esbuild/linux-loong64': [ '0.25.12' ],
34 silly audit   '@esbuild/linux-mips64el': [ '0.25.12' ],
34 silly audit   '@esbuild/linux-ppc64': [ '0.25.12' ],
34 silly audit   '@esbuild/linux-riscv64': [ '0.25.12' ],
34 silly audit   '@esbuild/linux-s390x': [ '0.25.12' ],
34 silly audit   '@esbuild/linux-x64': [ '0.25.12' ],
34 silly audit   '@esbuild/netbsd-arm64': [ '0.25.12' ],
34 silly audit   '@esbuild/netbsd-x64': [ '0.25.12' ],
34 silly audit   '@esbuild/openbsd-arm64': [ '0.25.12' ],
34 silly audit   '@esbuild/openbsd-x64': [ '0.25.12' ],
34 silly audit   '@esbuild/openharmony-arm64': [ '0.25.12' ],
34 silly audit   '@esbuild/sunos-x64': [ '0.25.12' ],
34 silly audit   '@esbuild/win32-arm64': [ '0.25.12' ],
34 silly audit   '@esbuild/win32-ia32': [ '0.25.12' ],
34 silly audit   '@esbuild/win32-x64': [ '0.25.12' ],
34 silly audit   '@eslint-community/eslint-utils': [ '4.9.0' ],
34 silly audit   'eslint-visitor-keys': [ '3.4.3', '4.2.1' ],
34 silly audit   '@eslint-community/regexpp': [ '4.12.2' ],
34 silly audit   '@eslint/config-array': [ '0.21.1' ],
34 silly audit   '@eslint/config-helpers': [ '0.4.2' ],
34 silly audit   '@eslint/core': [ '0.17.0' ],
34 silly audit   '@eslint/eslintrc': [ '3.3.1' ],
34 silly audit   globals: [ '14.0.0', '16.5.0' ],
34 silly audit   '@eslint/js': [ '9.39.1' ],
34 silly audit   '@eslint/object-schema': [ '2.1.7' ],
34 silly audit   '@eslint/plugin-kit': [ '0.4.1' ],
34 silly audit   '@humanfs/core': [ '0.19.1' ],
34 silly audit   '@humanfs/node': [ '0.16.7' ],
34 silly audit   '@humanwhocodes/module-importer': [ '1.0.1' ],
34 silly audit   '@humanwhocodes/retry': [ '0.4.3' ],
34 silly audit   '@jridgewell/gen-mapping': [ '0.3.13' ],
34 silly audit   '@jridgewell/remapping': [ '2.3.5' ],
34 silly audit   '@jridgewell/resolve-uri': [ '3.1.2' ],
34 silly audit   '@jridgewell/sourcemap-codec': [ '1.5.5' ],
34 silly audit   '@jridgewell/trace-mapping': [ '0.3.31' ],
34 silly audit   '@rolldown/pluginutils': [ '1.0.0-beta.47' ],
34 silly audit   '@rollup/rollup-android-arm-eabi': [ '4.53.3' ],
34 silly audit   '@rollup/rollup-android-arm64': [ '4.53.3' ],
34 silly audit   '@rollup/rollup-darwin-arm64': [ '4.53.3' ],
34 silly audit   '@rollup/rollup-darwin-x64': [ '4.53.3' ],
34 silly audit   '@rollup/rollup-freebsd-arm64': [ '4.53.3' ],
34 silly audit   '@rollup/rollup-freebsd-x64': [ '4.53.3' ],
34 silly audit   '@rollup/rollup-linux-arm-gnueabihf': [ '4.53.3' ],
34 silly audit   '@rollup/rollup-linux-arm-musleabihf': [ '4.53.3' ],
34 silly audit   '@rollup/rollup-linux-arm64-gnu': [ '4.53.3' ],
34 silly audit   '@rollup/rollup-linux-arm64-musl': [ '4.53.3' ],
34 silly audit   '@rollup/rollup-linux-loong64-gnu': [ '4.53.3' ],
34 silly audit   '@rollup/rollup-linux-ppc64-gnu': [ '4.53.3' ],
34 silly audit   '@rollup/rollup-linux-riscv64-gnu': [ '4.53.3' ],
34 silly audit   '@rollup/rollup-linux-riscv64-musl': [ '4.53.3' ],
34 silly audit   '@rollup/rollup-linux-s390x-gnu': [ '4.53.3' ],
34 silly audit   '@rollup/rollup-linux-x64-gnu': [ '4.53.3' ],
34 silly audit   '@rollup/rollup-linux-x64-musl': [ '4.53.3' ],
34 silly audit   '@rollup/rollup-openharmony-arm64': [ '4.53.3' ],
34 silly audit   '@rollup/rollup-win32-arm64-msvc': [ '4.53.3' ],
34 silly audit   '@rollup/rollup-win32-ia32-msvc': [ '4.53.3' ],
34 silly audit   '@rollup/rollup-win32-x64-gnu': [ '4.53.3' ],
34 silly audit   '@rollup/rollup-win32-x64-msvc': [ '4.53.3' ],
34 silly audit   '@supabase/auth-js': [ '2.86.0' ],
34 silly audit   '@supabase/functions-js': [ '2.86.0' ],
34 silly audit   '@supabase/postgrest-js': [ '2.86.0' ],
34 silly audit   '@supabase/realtime-js': [ '2.86.0' ],
34 silly audit   '@supabase/storage-js': [ '2.86.0' ],
34 silly audit   '@supabase/supabase-js': [ '2.86.0' ],
34 silly audit   '@types/babel__core': [ '7.20.5' ],
34 silly audit   '@types/babel__generator': [ '7.27.0' ],
34 silly audit   '@types/babel__template': [ '7.4.4' ],
34 silly audit   '@types/babel__traverse': [ '7.28.0' ],
34 silly audit   '@types/estree': [ '1.0.8' ],
34 silly audit   '@types/json-schema': [ '7.0.15' ],
34 silly audit   '@types/node': [ '24.10.1' ],
34 silly audit   '@types/phoenix': [ '1.6.6' ],
34 silly audit   '@types/react': [ '19.2.7' ],
34 silly audit   '@types/react-dom': [ '19.2.3' ],
34 silly audit   '@types/ws': [ '8.18.1' ],
34 silly audit   '@typescript-eslint/eslint-plugin': [ '8.48.0' ],
34 silly audit   ignore: [ '7.0.5', '5.3.2' ],
34 silly audit   '@typescript-eslint/parser': [ '8.48.0' ],
34 silly audit   '@typescript-eslint/project-service': [ '8.48.0' ],
34 silly audit   '@typescript-eslint/scope-manager': [ '8.48.0' ],
34 silly audit   '@typescript-eslint/tsconfig-utils': [ '8.48.0' ],
34 silly audit   '@typescript-eslint/type-utils': [ '8.48.0' ],
34 silly audit   '@typescript-eslint/types': [ '8.48.0' ],
34 silly audit   '@typescript-eslint/typescript-estree': [ '8.48.0' ],
34 silly audit   'brace-expansion': [ '2.0.2', '1.1.12' ],
34 silly audit   minimatch: [ '9.0.5', '3.1.2' ],
34 silly audit   semver: [ '7.7.3', '6.3.1' ],
34 silly audit   '@typescript-eslint/utils': [ '8.48.0' ],
34 silly audit   '@typescript-eslint/visitor-keys': [ '8.48.0' ],
34 silly audit   '@vitejs/plugin-react': [ '5.1.1' ],
34 silly audit   acorn: [ '8.15.0' ],
34 silly audit   'acorn-jsx': [ '5.3.2' ],
34 silly audit   ajv: [ '6.12.6' ],
34 silly audit   'ansi-styles': [ '4.3.0' ],
34 silly audit   argparse: [ '2.0.1' ],
34 silly audit   'balanced-match': [ '1.0.2' ],
34 silly audit   'baseline-browser-mapping': [ '2.8.31' ],
34 silly audit   browserslist: [ '4.28.0' ],
34 silly audit   callsites: [ '3.1.0' ],
34 silly audit   'caniuse-lite': [ '1.0.30001757' ],
34 silly audit   chalk: [ '4.1.2' ],
34 silly audit   'color-convert': [ '2.0.1' ],
34 silly audit   'color-name': [ '1.1.4' ],
34 silly audit   'concat-map': [ '0.0.1' ],
34 silly audit   'convert-source-map': [ '2.0.0' ],
34 silly audit   'cross-spawn': [ '7.0.6' ],
34 silly audit   csstype: [ '3.2.3' ],
34 silly audit   debug: [ '4.4.3' ],
34 silly audit   'deep-is': [ '0.1.4' ],
34 silly audit   'electron-to-chromium': [ '1.5.261' ],
34 silly audit   esbuild: [ '0.25.12' ],
34 silly audit   escalade: [ '3.2.0' ],
34 silly audit   'escape-string-regexp': [ '4.0.0' ],
34 silly audit   eslint: [ '9.39.1' ],
34 silly audit   'eslint-plugin-react-hooks': [ '7.0.1' ],
34 silly audit   'eslint-plugin-react-refresh': [ '0.4.24' ],
34 silly audit   'eslint-scope': [ '8.4.0' ],
34 silly audit   espree: [ '10.4.0' ],
34 silly audit   esquery: [ '1.6.0' ],
34 silly audit   esrecurse: [ '4.3.0' ],
34 silly audit   estraverse: [ '5.3.0' ],
34 silly audit   esutils: [ '2.0.3' ],
34 silly audit   'fast-deep-equal': [ '3.1.3' ],
34 silly audit   'fast-json-stable-stringify': [ '2.1.0' ],
34 silly audit   'fast-levenshtein': [ '2.0.6' ],
34 silly audit   fdir: [ '6.5.0' ],
34 silly audit   'file-entry-cache': [ '8.0.0' ],
34 silly audit   'find-up': [ '5.0.0' ],
34 silly audit   'flat-cache': [ '4.0.1' ],
34 silly audit   flatted: [ '3.3.3' ],
34 silly audit   fsevents: [ '2.3.3' ],
34 silly audit   gensync: [ '1.0.0-beta.2' ],
34 silly audit   'glob-parent': [ '6.0.2' ],
34 silly audit   graphemer: [ '1.4.0' ],
34 silly audit   'has-flag': [ '4.0.0' ],
34 silly audit   'hermes-estree': [ '0.25.1' ],
34 silly audit   'hermes-parser': [ '0.25.1' ],
34 silly audit   'iceberg-js': [ '0.8.0' ],
34 silly audit   'import-fresh': [ '3.3.1' ],
34 silly audit   imurmurhash: [ '0.1.4' ],
34 silly audit   'is-extglob': [ '2.1.1' ],
34 silly audit   'is-glob': [ '4.0.3' ],
34 silly audit   isexe: [ '2.0.0' ],
34 silly audit   'js-tokens': [ '4.0.0' ],
34 silly audit   'js-yaml': [ '4.1.1' ],
34 silly audit   jsesc: [ '3.1.0' ],
34 silly audit   'json-buffer': [ '3.0.1' ],
34 silly audit   'json-schema-traverse': [ '0.4.1' ],
34 silly audit   'json-stable-stringify-without-jsonify': [ '1.0.1' ],
34 silly audit   json5: [ '2.2.3' ],
34 silly audit   keyv: [ '4.5.4' ],
34 silly audit   levn: [ '0.4.1' ],
34 silly audit   'locate-path': [ '6.0.0' ],
34 silly audit   'lodash.merge': [ '4.6.2' ],
34 silly audit   'lru-cache': [ '5.1.1' ],
34 silly audit   ms: [ '2.1.3' ],
34 silly audit   nanoid: [ '3.3.11' ],
34 silly audit   'natural-compare': [ '1.4.0' ],
34 silly audit   'node-releases': [ '2.0.27' ],
34 silly audit   optionator: [ '0.9.4' ],
34 silly audit   'p-limit': [ '3.1.0' ],
34 silly audit   'p-locate': [ '5.0.0' ],
34 silly audit   'parent-module': [ '1.0.1' ],
34 silly audit   'path-exists': [ '4.0.0' ],
34 silly audit   'path-key': [ '3.1.1' ],
34 silly audit   picocolors: [ '1.1.1' ],
34 silly audit   picomatch: [ '4.0.3' ],
34 silly audit   postcss: [ '8.5.6' ],
34 silly audit   'prelude-ls': [ '1.2.1' ],
34 silly audit   punycode: [ '2.3.1' ],
34 silly audit   react: [ '19.2.0' ],
34 silly audit   'react-dom': [ '19.2.0' ],
34 silly audit   'react-refresh': [ '0.18.0' ],
34 silly audit   'resolve-from': [ '4.0.0' ],
34 silly audit   rollup: [ '4.53.3' ],
34 silly audit   scheduler: [ '0.27.0' ],
34 silly audit   'shebang-command': [ '2.0.0' ],
34 silly audit   'shebang-regex': [ '3.0.0' ],
34 silly audit   'source-map-js': [ '1.2.1' ],
34 silly audit   'strip-json-comments': [ '3.1.1' ],
34 silly audit   'supports-color': [ '7.2.0' ],
34 silly audit   tinyglobby: [ '0.2.15' ],
34 silly audit   'ts-api-utils': [ '2.1.0' ],
34 silly audit   tslib: [ '2.8.1' ],
34 silly audit   'type-check': [ '0.4.0' ],
34 silly audit   typescript: [ '5.9.3' ],
34 silly audit   'typescript-eslint': [ '8.48.0' ],
34 silly audit   'undici-types': [ '7.16.0' ],
34 silly audit   'update-browserslist-db': [ '1.1.4' ],
34 silly audit   'uri-js': [ '4.4.1' ],
34 silly audit   vite: [ '7.2.4' ],
34 silly audit   which: [ '2.0.2' ],
34 silly audit   'word-wrap': [ '1.2.5' ],
34 silly audit   ws: [ '8.18.3' ],
34 silly audit   yallist: [ '3.1.1' ],
34 silly audit   'yocto-queue': [ '0.1.0' ],
34 silly audit   zod: [ '4.1.13' ],
34 silly audit   'zod-validation-error': [ '4.0.2' ],
34 silly audit   'chart.js': [ '4.5.1' ],
34 silly audit   'react-chartjs-2': [ '5.3.1' ],
34 silly audit   '@kurkle/color': [ '0.3.4' ]
34 silly audit }
35 verbose reify failed optional dependency /Users/liaoyikai/food-delivery-dashboard/node_modules/@rollup/rollup-win32-x64-msvc
36 silly reify mark deleted [
36 silly reify   '/Users/liaoyikai/food-delivery-dashboard/node_modules/@rollup/rollup-win32-x64-msvc'
36 silly reify ]
37 verbose reify failed optional dependency /Users/liaoyikai/food-delivery-dashboard/node_modules/@rollup/rollup-win32-x64-gnu
38 silly reify mark deleted [
38 silly reify   '/Users/liaoyikai/food-delivery-dashboard/node_modules/@rollup/rollup-win32-x64-gnu'
38 silly reify ]
39 verbose reify failed optional dependency /Users/liaoyikai/food-delivery-dashboard/node_modules/@rollup/rollup-win32-ia32-msvc
40 silly reify mark deleted [
40 silly reify   '/Users/liaoyikai/food-delivery-dashboard/node_modules/@rollup/rollup-win32-ia32-msvc'
40 silly reify ]
41 verbose reify failed optional dependency /Users/liaoyikai/food-delivery-dashboard/node_modules/@rollup/rollup-win32-arm64-msvc
42 silly reify mark deleted [
42 silly reify   '/Users/liaoyikai/food-delivery-dashboard/node_modules/@rollup/rollup-win32-arm64-msvc'
42 silly reify ]
43 verbose reify failed optional dependency /Users/liaoyikai/food-delivery-dashboard/node_modules/@rollup/rollup-openharmony-arm64
44 silly reify mark deleted [
44 silly reify   '/Users/liaoyikai/food-delivery-dashboard/node_modules/@rollup/rollup-openharmony-arm64'
44 silly reify ]
45 verbose reify failed optional dependency /Users/liaoyikai/food-delivery-dashboard/node_modules/@rollup/rollup-linux-x64-musl
46 silly reify mark deleted [
46 silly reify   '/Users/liaoyikai/food-delivery-dashboard/node_modules/@rollup/rollup-linux-x64-musl'
46 silly reify ]
47 verbose reify failed optional dependency /Users/liaoyikai/food-delivery-dashboard/node_modules/@rollup/rollup-linux-x64-gnu
48 silly reify mark deleted [
48 silly reify   '/Users/liaoyikai/food-delivery-dashboard/node_modules/@rollup/rollup-linux-x64-gnu'
48 silly reify ]
49 verbose reify failed optional dependency /Users/liaoyikai/food-delivery-dashboard/node_modules/@rollup/rollup-linux-s390x-gnu
50 silly reify mark deleted [
50 silly reify   '/Users/liaoyikai/food-delivery-dashboard/node_modules/@rollup/rollup-linux-s390x-gnu'
50 silly reify ]
51 verbose reify failed optional dependency /Users/liaoyikai/food-delivery-dashboard/node_modules/@rollup/rollup-linux-riscv64-musl
52 silly reify mark deleted [
52 silly reify   '/Users/liaoyikai/food-delivery-dashboard/node_modules/@rollup/rollup-linux-riscv64-musl'
52 silly reify ]
53 verbose reify failed optional dependency /Users/liaoyikai/food-delivery-dashboard/node_modules/@rollup/rollup-linux-riscv64-gnu
54 silly reify mark deleted [
54 silly reify   '/Users/liaoyikai/food-delivery-dashboard/node_modules/@rollup/rollup-linux-riscv64-gnu'
54 silly reify ]
55 verbose reify failed optional dependency /Users/liaoyikai/food-delivery-dashboard/node_modules/@rollup/rollup-linux-ppc64-gnu
56 silly reify mark deleted [
56 silly reify   '/Users/liaoyikai/food-delivery-dashboard/node_modules/@rollup/rollup-linux-ppc64-gnu'
56 silly reify ]
57 verbose reify failed optional dependency /Users/liaoyikai/food-delivery-dashboard/node_modules/@rollup/rollup-linux-loong64-gnu
58 silly reify mark deleted [
58 silly reify   '/Users/liaoyikai/food-delivery-dashboard/node_modules/@rollup/rollup-linux-loong64-gnu'
58 silly reify ]
59 verbose reify failed optional dependency /Users/liaoyikai/food-delivery-dashboard/node_modules/@rollup/rollup-linux-arm64-musl
60 silly reify mark deleted [
60 silly reify   '/Users/liaoyikai/food-delivery-dashboard/node_modules/@rollup/rollup-linux-arm64-musl'
60 silly reify ]
61 verbose reify failed optional dependency /Users/liaoyikai/food-delivery-dashboard/node_modules/@rollup/rollup-linux-arm64-gnu
62 silly reify mark deleted [
62 silly reify   '/Users/liaoyikai/food-delivery-dashboard/node_modules/@rollup/rollup-linux-arm64-gnu'
62 silly reify ]
63 verbose reify failed optional dependency /Users/liaoyikai/food-delivery-dashboard/node_modules/@rollup/rollup-linux-arm-musleabihf
64 silly reify mark deleted [
64 silly reify   '/Users/liaoyikai/food-delivery-dashboard/node_modules/@rollup/rollup-linux-arm-musleabihf'
64 silly reify ]
65 verbose reify failed optional dependency /Users/liaoyikai/food-delivery-dashboard/node_modules/@rollup/rollup-linux-arm-gnueabihf
66 silly reify mark deleted [
66 silly reify   '/Users/liaoyikai/food-delivery-dashboard/node_modules/@rollup/rollup-linux-arm-gnueabihf'
66 silly reify ]
67 verbose reify failed optional dependency /Users/liaoyikai/food-delivery-dashboard/node_modules/@rollup/rollup-freebsd-x64
68 silly reify mark deleted [
68 silly reify   '/Users/liaoyikai/food-delivery-dashboard/node_modules/@rollup/rollup-freebsd-x64'
68 silly reify ]
69 verbose reify failed optional dependency /Users/liaoyikai/food-delivery-dashboard/node_modules/@rollup/rollup-freebsd-arm64
70 silly reify mark deleted [
70 silly reify   '/Users/liaoyikai/food-delivery-dashboard/node_modules/@rollup/rollup-freebsd-arm64'
70 silly reify ]
71 verbose reify failed optional dependency /Users/liaoyikai/food-delivery-dashboard/node_modules/@rollup/rollup-darwin-x64
72 silly reify mark deleted [
72 silly reify   '/Users/liaoyikai/food-delivery-dashboard/node_modules/@rollup/rollup-darwin-x64'
72 silly reify ]
73 verbose reify failed optional dependency /Users/liaoyikai/food-delivery-dashboard/node_modules/@rollup/rollup-android-arm64
74 silly reify mark deleted [
74 silly reify   '/Users/liaoyikai/food-delivery-dashboard/node_modules/@rollup/rollup-android-arm64'
74 silly reify ]
75 verbose reify failed optional dependency /Users/liaoyikai/food-delivery-dashboard/node_modules/@rollup/rollup-android-arm-eabi
76 silly reify mark deleted [
76 silly reify   '/Users/liaoyikai/food-delivery-dashboard/node_modules/@rollup/rollup-android-arm-eabi'
76 silly reify ]
77 verbose reify failed optional dependency /Users/liaoyikai/food-delivery-dashboard/node_modules/@esbuild/win32-x64
78 silly reify mark deleted [
78 silly reify   '/Users/liaoyikai/food-delivery-dashboard/node_modules/@esbuild/win32-x64'
78 silly reify ]
79 verbose reify failed optional dependency /Users/liaoyikai/food-delivery-dashboard/node_modules/@esbuild/win32-ia32
80 silly reify mark deleted [
80 silly reify   '/Users/liaoyikai/food-delivery-dashboard/node_modules/@esbuild/win32-ia32'
80 silly reify ]
81 verbose reify failed optional dependency /Users/liaoyikai/food-delivery-dashboard/node_modules/@esbuild/win32-arm64
82 silly reify mark deleted [
82 silly reify   '/Users/liaoyikai/food-delivery-dashboard/node_modules/@esbuild/win32-arm64'
82 silly reify ]
83 verbose reify failed optional dependency /Users/liaoyikai/food-delivery-dashboard/node_modules/@esbuild/sunos-x64
84 silly reify mark deleted [
84 silly reify   '/Users/liaoyikai/food-delivery-dashboard/node_modules/@esbuild/sunos-x64'
84 silly reify ]
85 verbose reify failed optional dependency /Users/liaoyikai/food-delivery-dashboard/node_modules/@esbuild/openharmony-arm64
86 silly reify mark deleted [
86 silly reify   '/Users/liaoyikai/food-delivery-dashboard/node_modules/@esbuild/openharmony-arm64'
86 silly reify ]
87 verbose reify failed optional dependency /Users/liaoyikai/food-delivery-dashboard/node_modules/@esbuild/openbsd-x64
88 silly reify mark deleted [
88 silly reify   '/Users/liaoyikai/food-delivery-dashboard/node_modules/@esbuild/openbsd-x64'
88 silly reify ]
89 verbose reify failed optional dependency /Users/liaoyikai/food-delivery-dashboard/node_modules/@esbuild/openbsd-arm64
90 silly reify mark deleted [
90 silly reify   '/Users/liaoyikai/food-delivery-dashboard/node_modules/@esbuild/openbsd-arm64'
90 silly reify ]
91 verbose reify failed optional dependency /Users/liaoyikai/food-delivery-dashboard/node_modules/@esbuild/netbsd-x64
92 silly reify mark deleted [
92 silly reify   '/Users/liaoyikai/food-delivery-dashboard/node_modules/@esbuild/netbsd-x64'
92 silly reify ]
93 verbose reify failed optional dependency /Users/liaoyikai/food-delivery-dashboard/node_modules/@esbuild/netbsd-arm64
94 silly reify mark deleted [
94 silly reify   '/Users/liaoyikai/food-delivery-dashboard/node_modules/@esbuild/netbsd-arm64'
94 silly reify ]
95 verbose reify failed optional dependency /Users/liaoyikai/food-delivery-dashboard/node_modules/@esbuild/linux-x64
96 silly reify mark deleted [
96 silly reify   '/Users/liaoyikai/food-delivery-dashboard/node_modules/@esbuild/linux-x64'
96 silly reify ]
97 verbose reify failed optional dependency /Users/liaoyikai/food-delivery-dashboard/node_modules/@esbuild/linux-s390x
98 silly reify mark deleted [
98 silly reify   '/Users/liaoyikai/food-delivery-dashboard/node_modules/@esbuild/linux-s390x'
98 silly reify ]
99 verbose reify failed optional dependency /Users/liaoyikai/food-delivery-dashboard/node_modules/@esbuild/linux-riscv64
100 silly reify mark deleted [
100 silly reify   '/Users/liaoyikai/food-delivery-dashboard/node_modules/@esbuild/linux-riscv64'
100 silly reify ]
101 verbose reify failed optional dependency /Users/liaoyikai/food-delivery-dashboard/node_modules/@esbuild/linux-ppc64
102 silly reify mark deleted [
102 silly reify   '/Users/liaoyikai/food-delivery-dashboard/node_modules/@esbuild/linux-ppc64'
102 silly reify ]
103 verbose reify failed optional dependency /Users/liaoyikai/food-delivery-dashboard/node_modules/@esbuild/linux-mips64el
104 silly reify mark deleted [
104 silly reify   '/Users/liaoyikai/food-delivery-dashboard/node_modules/@esbuild/linux-mips64el'
104 silly reify ]
105 verbose reify failed optional dependency /Users/liaoyikai/food-delivery-dashboard/node_modules/@esbuild/linux-loong64
106 silly reify mark deleted [
106 silly reify   '/Users/liaoyikai/food-delivery-dashboard/node_modules/@esbuild/linux-loong64'
106 silly reify ]
107 verbose reify failed optional dependency /Users/liaoyikai/food-delivery-dashboard/node_modules/@esbuild/linux-ia32
108 silly reify mark deleted [
108 silly reify   '/Users/liaoyikai/food-delivery-dashboard/node_modules/@esbuild/linux-ia32'
108 silly reify ]
109 verbose reify failed optional dependency /Users/liaoyikai/food-delivery-dashboard/node_modules/@esbuild/linux-arm64
110 silly reify mark deleted [
110 silly reify   '/Users/liaoyikai/food-delivery-dashboard/node_modules/@esbuild/linux-arm64'
110 silly reify ]
111 verbose reify failed optional dependency /Users/liaoyikai/food-delivery-dashboard/node_modules/@esbuild/linux-arm
112 silly reify mark deleted [
112 silly reify   '/Users/liaoyikai/food-delivery-dashboard/node_modules/@esbuild/linux-arm'
112 silly reify ]
113 verbose reify failed optional dependency /Users/liaoyikai/food-delivery-dashboard/node_modules/@esbuild/freebsd-x64
114 silly reify mark deleted [
114 silly reify   '/Users/liaoyikai/food-delivery-dashboard/node_modules/@esbuild/freebsd-x64'
114 silly reify ]
115 verbose reify failed optional dependency /Users/liaoyikai/food-delivery-dashboard/node_modules/@esbuild/freebsd-arm64
116 silly reify mark deleted [
116 silly reify   '/Users/liaoyikai/food-delivery-dashboard/node_modules/@esbuild/freebsd-arm64'
116 silly reify ]
117 verbose reify failed optional dependency /Users/liaoyikai/food-delivery-dashboard/node_modules/@esbuild/darwin-x64
118 silly reify mark deleted [
118 silly reify   '/Users/liaoyikai/food-delivery-dashboard/node_modules/@esbuild/darwin-x64'
118 silly reify ]
119 verbose reify failed optional dependency /Users/liaoyikai/food-delivery-dashboard/node_modules/@esbuild/android-x64
120 silly reify mark deleted [
120 silly reify   '/Users/liaoyikai/food-delivery-dashboard/node_modules/@esbuild/android-x64'
120 silly reify ]
121 verbose reify failed optional dependency /Users/liaoyikai/food-delivery-dashboard/node_modules/@esbuild/android-arm64
122 silly reify mark deleted [
122 silly reify   '/Users/liaoyikai/food-delivery-dashboard/node_modules/@esbuild/android-arm64'
122 silly reify ]
123 verbose reify failed optional dependency /Users/liaoyikai/food-delivery-dashboard/node_modules/@esbuild/android-arm
124 silly reify mark deleted [
124 silly reify   '/Users/liaoyikai/food-delivery-dashboard/node_modules/@esbuild/android-arm'
124 silly reify ]
125 verbose reify failed optional dependency /Users/liaoyikai/food-delivery-dashboard/node_modules/@esbuild/aix-ppc64
126 silly reify mark deleted [
126 silly reify   '/Users/liaoyikai/food-delivery-dashboard/node_modules/@esbuild/aix-ppc64'
126 silly reify ]
127 http cache @kurkle/color@https://registry.npmjs.org/@kurkle/color/-/color-0.3.4.tgz 1ms (cache hit)
128 http cache react-chartjs-2@https://registry.npmjs.org/react-chartjs-2/-/react-chartjs-2-5.3.1.tgz 0ms (cache hit)
129 http cache chart.js@https://registry.npmjs.org/chart.js/-/chart.js-4.5.1.tgz 0ms (cache hit)
130 silly tarball no local data for @kurkle/color@https://registry.npmjs.org/@kurkle/color/-/color-0.3.4.tgz. Extracting by manifest.
131 silly tarball no local data for react-chartjs-2@https://registry.npmjs.org/react-chartjs-2/-/react-chartjs-2-5.3.1.tgz. Extracting by manifest.
132 silly tarball no local data for chart.js@https://registry.npmjs.org/chart.js/-/chart.js-4.5.1.tgz. Extracting by manifest.
133 http fetch POST 200 https://registry.npmjs.org/-/npm/v1/security/advisories/bulk 426ms
134 silly audit report {}
135 http fetch GET 200 https://registry.npmjs.org/react-chartjs-2/-/react-chartjs-2-5.3.1.tgz 497ms (cache miss)
136 http fetch GET 200 https://registry.npmjs.org/@kurkle/color/-/color-0.3.4.tgz 501ms (cache miss)
137 http fetch GET 200 https://registry.npmjs.org/chart.js/-/chart.js-4.5.1.tgz 634ms (cache miss)
138 silly ADD node_modules/@kurkle/color
139 silly ADD node_modules/react-chartjs-2
140 silly ADD node_modules/chart.js
141 silly ADD
142 silly ADD
143 silly ADD
144 silly ADD
145 silly ADD
146 silly ADD
147 silly ADD
148 silly ADD
149 silly ADD
150 silly ADD
151 silly ADD
152 silly ADD
153 silly ADD
154 silly ADD
155 silly ADD
156 silly ADD
157 silly ADD
158 silly ADD
159 silly ADD
160 silly ADD
161 silly ADD
162 silly ADD
163 silly ADD
164 silly ADD
165 silly ADD
166 silly ADD
167 silly ADD
168 silly ADD
169 silly ADD
170 silly ADD
171 silly ADD
172 silly ADD
173 silly ADD
174 silly ADD
175 silly ADD
176 silly ADD
177 silly ADD
178 silly ADD
179 silly ADD
180 silly ADD
181 silly ADD
182 silly ADD
183 silly ADD
184 silly ADD
185 silly ADD
186 silly ADD
187 verbose cwd /Users/liaoyikai/food-delivery-dashboard
188 verbose os Darwin 24.6.0
189 verbose node v22.19.0
190 verbose npm  v10.9.3
191 verbose exit 0
192 info ok
